2021-09-23 15:35:27,428 [INFO] Activator:177 - 


2021-09-23 15:35:27,430 [INFO] Activator:178 - !SESSION log4j initialized
2021-09-23 15:35:41,947 [INFO] McuFinderGlobals:39 - Set McuFinder mode to 2 (CubeIDE integrated)
2021-09-23 15:35:42,058 [INFO] ApplicationProperties:181 - Using Application install path: C:\ST\STM32CubeIDE_1.7.0\STM32CubeIDE\plugins\com.st.stm32cube.common.mx_6.3.0.202107141111
2021-09-23 15:35:42,069 [INFO] DbMcusXml:74 - Set database path to: C:\ST\STM32CubeIDE_1.7.0\STM32CubeIDE\plugins\com.st.stm32cube.common.mx_6.3.0.202107141111\\db\/mcu/
2021-09-23 15:35:42,073 [INFO] DbBoardsPdsc:56 - Set plugin database path to: C:\ST\STM32CubeIDE_1.7.0\STM32CubeIDE\plugins\com.st.stm32cube.common.mx_6.3.0.202107141111\\db\/plugins/boardmanager/
2021-09-23 15:35:42,074 [INFO] DbMcus:258 - Set plugin images path to: C:\ST\STM32CubeIDE_1.7.0\STM32CubeIDE\plugins\com.st.stm32cube.common.mx_6.3.0.202107141111\\db\/plugins/mcufinder/images/
2021-09-23 15:35:42,074 [INFO] DbBoards:264 - Set plugin images path to: C:\ST\STM32CubeIDE_1.7.0\STM32CubeIDE\plugins\com.st.stm32cube.common.mx_6.3.0.202107141111\\db\/plugins/mcufinder/images/
2021-09-23 15:35:42,077 [INFO] DbExamples:333 - Set plugin images path to: C:\ST\STM32CubeIDE_1.7.0\STM32CubeIDE\plugins\com.st.stm32cube.common.mx_6.3.0.202107141111\\db\/plugins/mcufinder/images/
2021-09-23 15:35:42,082 [INFO] DbMcusAds:119 - Set database path to: C:\Users\DELL\.stmcufinder\plugins\mcufinder//mcu/
2021-09-23 15:35:42,083 [INFO] DbMcusDocs:110 - Set database path to: C:\Users\DELL\.stmcufinder\plugins\mcufinder//mcu/
2021-09-23 15:35:42,085 [INFO] DbMcusJson:64 - Set database path to: C:\Users\DELL\.stmcufinder\plugins\mcufinder//mcu/
2021-09-23 15:35:42,086 [INFO] DbBoardsDocs:110 - Set database path to: C:\Users\DELL\.stmcufinder\plugins\mcufinder//mcu/
2021-09-23 15:35:42,087 [INFO] DbBoardsJson:57 - Set database path to: C:\Users\DELL\.stmcufinder\plugins\mcufinder//mcu/
2021-09-23 15:35:42,095 [INFO] CrossReferenceDbSqlite:196 - Set database path to: C:\Users\DELL\.stmcufinder\plugins\mcufinder//mcu/cs/
2021-09-23 15:35:42,098 [INFO] DbExamplesSqlite:767 - Set database path to: C:\Users\DELL\.stmcufinder\plugins\mcufinder//mcu/
2021-09-23 15:35:42,195 [INFO] RulesReader:57 - Compatibility file has been processed (242 Rules)
2021-09-23 15:35:42,278 [INFO] DbMcusXml:74 - Set database path to: C:\ST\STM32CubeIDE_1.7.0\STM32CubeIDE\plugins\com.st.stm32cube.common.mx_6.3.0.202107141111\\db\/mcu/
2021-09-23 15:35:42,279 [INFO] DbBoardsPdsc:56 - Set plugin database path to: C:\ST\STM32CubeIDE_1.7.0\STM32CubeIDE\plugins\com.st.stm32cube.common.mx_6.3.0.202107141111\\db\/plugins/boardmanager/
2021-09-23 15:35:42,279 [INFO] DbMcus:258 - Set plugin images path to: C:\ST\STM32CubeIDE_1.7.0\STM32CubeIDE\plugins\com.st.stm32cube.common.mx_6.3.0.202107141111\\db\/plugins/mcufinder/images/
2021-09-23 15:35:42,279 [INFO] DbBoards:264 - Set plugin images path to: C:\ST\STM32CubeIDE_1.7.0\STM32CubeIDE\plugins\com.st.stm32cube.common.mx_6.3.0.202107141111\\db\/plugins/mcufinder/images/
2021-09-23 15:35:42,279 [INFO] DbExamples:333 - Set plugin images path to: C:\ST\STM32CubeIDE_1.7.0\STM32CubeIDE\plugins\com.st.stm32cube.common.mx_6.3.0.202107141111\\db\/plugins/mcufinder/images/
2021-09-23 15:35:42,280 [WARN] DbFile:35 - Overriding database path with different value: C:\Users\DELL\.stmcufinder\plugins\mcufinder/ => C:\Users\DELL\.stmcufinder\plugins\mcufinder
2021-09-23 15:35:42,280 [INFO] DbMcusAds:119 - Set database path to: C:\Users\DELL\.stmcufinder\plugins\mcufinder//mcu/
2021-09-23 15:35:42,280 [WARN] DbFile:35 - Overriding database path with different value: C:\Users\DELL\.stmcufinder\plugins\mcufinder/ => C:\Users\DELL\.stmcufinder\plugins\mcufinder
2021-09-23 15:35:42,280 [INFO] DbMcusDocs:110 - Set database path to: C:\Users\DELL\.stmcufinder\plugins\mcufinder//mcu/
2021-09-23 15:35:42,280 [WARN] DbFile:35 - Overriding database path with different value: C:\Users\DELL\.stmcufinder\plugins\mcufinder/ => C:\Users\DELL\.stmcufinder\plugins\mcufinder
2021-09-23 15:35:42,280 [INFO] DbMcusJson:64 - Set database path to: C:\Users\DELL\.stmcufinder\plugins\mcufinder//mcu/
2021-09-23 15:35:42,280 [WARN] DbFile:35 - Overriding database path with different value: C:\Users\DELL\.stmcufinder\plugins\mcufinder/ => C:\Users\DELL\.stmcufinder\plugins\mcufinder
2021-09-23 15:35:42,281 [INFO] DbBoardsDocs:110 - Set database path to: C:\Users\DELL\.stmcufinder\plugins\mcufinder//mcu/
2021-09-23 15:35:42,281 [WARN] DbFile:35 - Overriding database path with different value: C:\Users\DELL\.stmcufinder\plugins\mcufinder/ => C:\Users\DELL\.stmcufinder\plugins\mcufinder
2021-09-23 15:35:42,281 [INFO] DbBoardsJson:57 - Set database path to: C:\Users\DELL\.stmcufinder\plugins\mcufinder//mcu/
2021-09-23 15:35:42,281 [WARN] DbFile:35 - Overriding database path with different value: C:\Users\DELL\.stmcufinder\plugins\mcufinder/ => C:\Users\DELL\.stmcufinder\plugins\mcufinder
2021-09-23 15:35:42,281 [WARN] DbFile:35 - Overriding database path with different value: C:\Users\DELL\.stmcufinder\plugins\mcufinder/ => C:\Users\DELL\.stmcufinder\plugins\mcufinder
2021-09-23 15:35:42,281 [INFO] CrossReferenceDbSqlite:196 - Set database path to: C:\Users\DELL\.stmcufinder\plugins\mcufinder//mcu/cs/
2021-09-23 15:35:42,281 [WARN] DbFile:35 - Overriding database path with different value: C:\Users\DELL\.stmcufinder\plugins\mcufinder/ => C:\Users\DELL\.stmcufinder\plugins\mcufinder
2021-09-23 15:35:42,281 [INFO] DbExamplesSqlite:767 - Set database path to: C:\Users\DELL\.stmcufinder\plugins\mcufinder//mcu/
2021-09-23 15:35:42,345 [INFO] MainPanel:214 - HeapMemory: 268435456
2021-09-23 15:35:42,414 [INFO] DbMcusXml:74 - Set database path to: C:\ST\STM32CubeIDE_1.7.0\STM32CubeIDE\plugins\com.st.stm32cube.common.mx_6.3.0.202107141111\\db\/mcu/
2021-09-23 15:35:42,414 [INFO] DbBoardsPdsc:56 - Set plugin database path to: C:\ST\STM32CubeIDE_1.7.0\STM32CubeIDE\plugins\com.st.stm32cube.common.mx_6.3.0.202107141111\\db\/plugins/boardmanager/
2021-09-23 15:35:42,414 [INFO] DbMcus:258 - Set plugin images path to: C:\ST\STM32CubeIDE_1.7.0\STM32CubeIDE\plugins\com.st.stm32cube.common.mx_6.3.0.202107141111\\db\/plugins/mcufinder/images/
2021-09-23 15:35:42,414 [INFO] DbBoards:264 - Set plugin images path to: C:\ST\STM32CubeIDE_1.7.0\STM32CubeIDE\plugins\com.st.stm32cube.common.mx_6.3.0.202107141111\\db\/plugins/mcufinder/images/
2021-09-23 15:35:42,414 [INFO] DbExamples:333 - Set plugin images path to: C:\ST\STM32CubeIDE_1.7.0\STM32CubeIDE\plugins\com.st.stm32cube.common.mx_6.3.0.202107141111\\db\/plugins/mcufinder/images/
2021-09-23 15:35:42,415 [WARN] DbFile:35 - Overriding database path with different value: C:\Users\DELL\.stmcufinder\plugins\mcufinder/ => C:\Users\DELL\.stmcufinder\plugins\mcufinder
2021-09-23 15:35:42,415 [INFO] DbMcusAds:119 - Set database path to: C:\Users\DELL\.stmcufinder\plugins\mcufinder//mcu/
2021-09-23 15:35:42,415 [WARN] DbFile:35 - Overriding database path with different value: C:\Users\DELL\.stmcufinder\plugins\mcufinder/ => C:\Users\DELL\.stmcufinder\plugins\mcufinder
2021-09-23 15:35:42,415 [INFO] DbMcusDocs:110 - Set database path to: C:\Users\DELL\.stmcufinder\plugins\mcufinder//mcu/
2021-09-23 15:35:42,415 [WARN] DbFile:35 - Overriding database path with different value: C:\Users\DELL\.stmcufinder\plugins\mcufinder/ => C:\Users\DELL\.stmcufinder\plugins\mcufinder
2021-09-23 15:35:42,415 [INFO] DbMcusJson:64 - Set database path to: C:\Users\DELL\.stmcufinder\plugins\mcufinder//mcu/
2021-09-23 15:35:42,415 [WARN] DbFile:35 - Overriding database path with different value: C:\Users\DELL\.stmcufinder\plugins\mcufinder/ => C:\Users\DELL\.stmcufinder\plugins\mcufinder
2021-09-23 15:35:42,415 [INFO] DbBoardsDocs:110 - Set database path to: C:\Users\DELL\.stmcufinder\plugins\mcufinder//mcu/
2021-09-23 15:35:42,415 [WARN] DbFile:35 - Overriding database path with different value: C:\Users\DELL\.stmcufinder\plugins\mcufinder/ => C:\Users\DELL\.stmcufinder\plugins\mcufinder
2021-09-23 15:35:42,416 [INFO] DbBoardsJson:57 - Set database path to: C:\Users\DELL\.stmcufinder\plugins\mcufinder//mcu/
2021-09-23 15:35:42,416 [WARN] DbFile:35 - Overriding database path with different value: C:\Users\DELL\.stmcufinder\plugins\mcufinder/ => C:\Users\DELL\.stmcufinder\plugins\mcufinder
2021-09-23 15:35:42,416 [WARN] DbFile:35 - Overriding database path with different value: C:\Users\DELL\.stmcufinder\plugins\mcufinder/ => C:\Users\DELL\.stmcufinder\plugins\mcufinder
2021-09-23 15:35:42,416 [INFO] CrossReferenceDbSqlite:196 - Set database path to: C:\Users\DELL\.stmcufinder\plugins\mcufinder//mcu/cs/
2021-09-23 15:35:42,416 [WARN] DbFile:35 - Overriding database path with different value: C:\Users\DELL\.stmcufinder\plugins\mcufinder/ => C:\Users\DELL\.stmcufinder\plugins\mcufinder
2021-09-23 15:35:42,416 [INFO] DbExamplesSqlite:767 - Set database path to: C:\Users\DELL\.stmcufinder\plugins\mcufinder//mcu/
2021-09-23 15:35:42,434 [INFO] ApplicationProperties:181 - Using Application install path: C:\ST\STM32CubeIDE_1.7.0\STM32CubeIDE\plugins\com.st.stm32cube.common.mx_6.3.0.202107141111
2021-09-23 15:35:42,435 [INFO] PluginManage:188 - Search for loadable plugins [exclusion list=, ]
2021-09-23 15:35:42,437 [INFO] PluginManage:302 - Check plugin analytics
2021-09-23 15:35:42,604 [INFO] AnalyticsPlugin:257 - Accepted Software Licenses: 
2021-09-23 15:35:42,605 [INFO] AnalyticsPlugin:259 - Accepted CMSIS Pack Licenses: 
2021-09-23 15:35:42,605 [INFO] AnalyticsPlugin:261 - Accepted Firmware Licenses: 
2021-09-23 15:35:42,606 [INFO] PluginManage:352 - Loaded plugin analytics (category:tool,tabindex:-1)
2021-09-23 15:35:42,606 [INFO] PluginManage:302 - Check plugin clock
2021-09-23 15:35:42,618 [INFO] PluginManage:352 - Loaded plugin clock (category:base,tabindex:2)
2021-09-23 15:35:42,618 [INFO] PluginManage:302 - Check plugin ddr
2021-09-23 15:35:42,620 [INFO] PluginManage:352 - Loaded plugin ddr (category:tool,tabindex:6)
2021-09-23 15:35:42,621 [INFO] PluginManage:302 - Check plugin filemanager
2021-09-23 15:35:42,774 [INFO] PluginManage:352 - Loaded plugin filemanager (category:base,tabindex:10)
2021-09-23 15:35:42,774 [INFO] PluginManage:302 - Check plugin ipmanager
2021-09-23 15:35:42,781 [INFO] PluginManage:352 - Loaded plugin ipmanager (category:base,tabindex:5)
2021-09-23 15:35:42,782 [INFO] PluginManage:302 - Check plugin pinoutandconfiguration
2021-09-23 15:35:42,790 [INFO] PluginManage:352 - Loaded plugin pinoutandconfiguration (category:base,tabindex:1)
2021-09-23 15:35:42,791 [INFO] PluginManage:302 - Check plugin pinoutconfig
2021-09-23 15:35:42,819 [INFO] PluginManage:352 - Loaded plugin pinoutconfig (category:base,tabindex:0)
2021-09-23 15:35:42,819 [INFO] PluginManage:302 - Check plugin power
2021-09-23 15:35:42,829 [INFO] PluginManage:352 - Loaded plugin power (category:power,tabindex:4)
2021-09-23 15:35:42,829 [INFO] PluginManage:302 - Check plugin projectmanager
2021-09-23 15:35:42,848 [INFO] PluginManage:352 - Loaded plugin projectmanager (category:projectmanager,tabindex:3)
2021-09-23 15:35:42,848 [INFO] PluginManage:302 - Check plugin thirdparty
2021-09-23 15:35:42,976 [WARN] IntegrityCheckThread:78 - waiting for thirdparty lock release [integrity check]
2021-09-23 15:35:42,976 [INFO] PluginManage:352 - Loaded plugin thirdparty (category:base,tabindex:-1)
2021-09-23 15:35:42,976 [INFO] PluginManage:302 - Check plugin tools
2021-09-23 15:35:42,976 [INFO] IntegrityCheckThread:80 - entering critical section [integrity check]
2021-09-23 15:35:42,977 [INFO] ThirdPartyUpdaterWithRetryManager:66 - Updater plugin not ready yet. [1/15]
2021-09-23 15:35:42,978 [INFO] PluginManage:352 - Loaded plugin tools (category:base,tabindex:7)
2021-09-23 15:35:42,979 [INFO] PluginManage:302 - Check plugin tutovideos
2021-09-23 15:35:43,256 [INFO] PluginManage:352 - Loaded plugin tutovideos (category:base,tabindex:-1)
2021-09-23 15:35:43,256 [INFO] PluginManage:302 - Check plugin updater
2021-09-23 15:35:43,267 [INFO] PluginManage:352 - Loaded plugin updater (category:base,tabindex:12)
2021-09-23 15:35:43,268 [INFO] PluginManage:275 - PluginManage : Loaded plugins [13]
2021-09-23 15:35:43,446 [INFO] PinOutPanel:1463 - setPackage(No Configuration,No Configuration)
2021-09-23 15:35:43,538 [INFO] IPUIPlugin:74 - create IPUIPlugin
2021-09-23 15:35:43,539 [INFO] PluginManager:213 - loadIPPluginJar : add adc
2021-09-23 15:35:43,541 [INFO] IPUIPlugin:74 - create IPUIPlugin
2021-09-23 15:35:43,541 [INFO] PluginManager:213 - loadIPPluginJar : add aes
2021-09-23 15:35:43,544 [INFO] IPUIPlugin:74 - create IPUIPlugin
2021-09-23 15:35:43,544 [INFO] PluginManager:213 - loadIPPluginJar : add can
2021-09-23 15:35:43,546 [INFO] IPUIPlugin:74 - create IPUIPlugin
2021-09-23 15:35:43,546 [INFO] PluginManager:213 - loadIPPluginJar : add comp
2021-09-23 15:35:43,549 [INFO] IPUIPlugin:74 - create IPUIPlugin
2021-09-23 15:35:43,549 [INFO] PluginManager:213 - loadIPPluginJar : add cryp
2021-09-23 15:35:43,552 [INFO] IPUIPlugin:74 - create IPUIPlugin
2021-09-23 15:35:43,552 [INFO] PluginManager:213 - loadIPPluginJar : add dfsdm
2021-09-23 15:35:43,558 [INFO] IPUIPlugin:74 - create IPUIPlugin
2021-09-23 15:35:43,559 [INFO] PluginManager:213 - loadIPPluginJar : add dma
2021-09-23 15:35:43,562 [INFO] IPUIPlugin:74 - create IPUIPlugin
2021-09-23 15:35:43,562 [INFO] PluginManager:213 - loadIPPluginJar : add dma3
2021-09-23 15:35:43,563 [INFO] IPUIPlugin:74 - create IPUIPlugin
2021-09-23 15:35:43,564 [INFO] PluginManager:213 - loadIPPluginJar : add fatfs
2021-09-23 15:35:43,568 [INFO] IPUIPlugin:74 - create IPUIPlugin
2021-09-23 15:35:43,569 [INFO] PluginManager:213 - loadIPPluginJar : add fmc
2021-09-23 15:35:43,574 [INFO] IPUIPlugin:74 - create IPUIPlugin
2021-09-23 15:35:43,575 [INFO] PluginManager:213 - loadIPPluginJar : add freertos
2021-09-23 15:35:43,576 [INFO] IPUIPlugin:74 - create IPUIPlugin
2021-09-23 15:35:43,577 [INFO] PluginManager:213 - loadIPPluginJar : add genericplugin
2021-09-23 15:35:43,579 [INFO] IPUIPlugin:74 - create IPUIPlugin
2021-09-23 15:35:43,579 [INFO] PluginManager:213 - loadIPPluginJar : add gfxmmu
2021-09-23 15:35:43,585 [INFO] IPUIPlugin:74 - create IPUIPlugin
2021-09-23 15:35:43,585 [INFO] PluginManager:213 - loadIPPluginJar : add gic
2021-09-23 15:35:43,590 [INFO] IPUIPlugin:74 - create IPUIPlugin
2021-09-23 15:35:43,590 [INFO] PluginManager:213 - loadIPPluginJar : add gpio
2021-09-23 15:35:43,593 [INFO] IPUIPlugin:74 - create IPUIPlugin
2021-09-23 15:35:43,593 [INFO] PluginManager:213 - loadIPPluginJar : add gtzc
2021-09-23 15:35:43,595 [INFO] IPUIPlugin:74 - create IPUIPlugin
2021-09-23 15:35:43,596 [INFO] PluginManager:213 - loadIPPluginJar : add hash
2021-09-23 15:35:43,598 [INFO] IPUIPlugin:74 - create IPUIPlugin
2021-09-23 15:35:43,599 [INFO] PluginManager:213 - loadIPPluginJar : add i2c
2021-09-23 15:35:43,601 [INFO] IPUIPlugin:74 - create IPUIPlugin
2021-09-23 15:35:43,602 [INFO] PluginManager:213 - loadIPPluginJar : add i2s
2021-09-23 15:35:43,605 [INFO] IPUIPlugin:74 - create IPUIPlugin
2021-09-23 15:35:43,605 [INFO] PluginManager:213 - loadIPPluginJar : add ipddr
2021-09-23 15:35:43,612 [INFO] IPUIPlugin:74 - create IPUIPlugin
2021-09-23 15:35:43,612 [INFO] PluginManager:213 - loadIPPluginJar : add linkedlist
2021-09-23 15:35:43,615 [INFO] IPUIPlugin:74 - create IPUIPlugin
2021-09-23 15:35:43,615 [INFO] PluginManager:213 - loadIPPluginJar : add lorawan
2021-09-23 15:35:43,617 [INFO] IPUIPlugin:74 - create IPUIPlugin
2021-09-23 15:35:43,617 [INFO] PluginManager:213 - loadIPPluginJar : add ltdc
2021-09-23 15:35:43,621 [INFO] IPUIPlugin:74 - create IPUIPlugin
2021-09-23 15:35:43,621 [INFO] PluginManager:213 - loadIPPluginJar : add mdma
2021-09-23 15:35:43,625 [INFO] IPUIPlugin:74 - create IPUIPlugin
2021-09-23 15:35:43,625 [INFO] PluginManager:213 - loadIPPluginJar : add nvic
2021-09-23 15:35:43,628 [INFO] IPUIPlugin:74 - create IPUIPlugin
2021-09-23 15:35:43,629 [INFO] PluginManager:213 - loadIPPluginJar : add opamp
2021-09-23 15:35:43,632 [INFO] IPUIPlugin:74 - create IPUIPlugin
2021-09-23 15:35:43,632 [INFO] PluginManager:213 - loadIPPluginJar : add openamp
2021-09-23 15:35:43,635 [INFO] IPUIPlugin:74 - create IPUIPlugin
2021-09-23 15:35:43,635 [INFO] PluginManager:213 - loadIPPluginJar : add pdm2pcm
2021-09-23 15:35:43,642 [INFO] IPUIPlugin:74 - create IPUIPlugin
2021-09-23 15:35:43,646 [INFO] PluginManager:213 - loadIPPluginJar : add plateformsettings
2021-09-23 15:35:43,647 [INFO] IPUIPlugin:74 - create IPUIPlugin
2021-09-23 15:35:43,648 [INFO] PluginManager:213 - loadIPPluginJar : add quadspi
2021-09-23 15:35:43,651 [INFO] IPUIPlugin:74 - create IPUIPlugin
2021-09-23 15:35:43,651 [INFO] PluginManager:213 - loadIPPluginJar : add resmgrutility
2021-09-23 15:35:43,654 [INFO] IPUIPlugin:74 - create IPUIPlugin
2021-09-23 15:35:43,655 [INFO] PluginManager:213 - loadIPPluginJar : add sai
2021-09-23 15:35:43,657 [INFO] IPUIPlugin:74 - create IPUIPlugin
2021-09-23 15:35:43,658 [INFO] PluginManager:213 - loadIPPluginJar : add spi
2021-09-23 15:35:43,662 [INFO] IPUIPlugin:74 - create IPUIPlugin
2021-09-23 15:35:43,663 [INFO] PluginManager:213 - loadIPPluginJar : add stm32_wpan
2021-09-23 15:35:43,665 [INFO] IPUIPlugin:74 - create IPUIPlugin
2021-09-23 15:35:43,665 [INFO] PluginManager:213 - loadIPPluginJar : add tim
2021-09-23 15:35:43,668 [INFO] IPUIPlugin:74 - create IPUIPlugin
2021-09-23 15:35:43,668 [INFO] PluginManager:213 - loadIPPluginJar : add touchsensing
2021-09-23 15:35:43,670 [INFO] IPUIPlugin:74 - create IPUIPlugin
2021-09-23 15:35:43,671 [INFO] PluginManager:213 - loadIPPluginJar : add tracer_emb
2021-09-23 15:35:43,673 [INFO] IPUIPlugin:74 - create IPUIPlugin
2021-09-23 15:35:43,673 [INFO] PluginManager:213 - loadIPPluginJar : add ts
2021-09-23 15:35:43,675 [INFO] IPUIPlugin:74 - create IPUIPlugin
2021-09-23 15:35:43,675 [INFO] PluginManager:213 - loadIPPluginJar : add tsc
2021-09-23 15:35:43,677 [INFO] IPUIPlugin:74 - create IPUIPlugin
2021-09-23 15:35:43,677 [INFO] PluginManager:213 - loadIPPluginJar : add ucpd
2021-09-23 15:35:43,680 [INFO] IPUIPlugin:74 - create IPUIPlugin
2021-09-23 15:35:43,680 [INFO] PluginManager:213 - loadIPPluginJar : add usart
2021-09-23 15:35:43,683 [INFO] IPUIPlugin:74 - create IPUIPlugin
2021-09-23 15:35:43,683 [INFO] PluginManager:213 - loadIPPluginJar : add usbx
2021-09-23 15:35:44,007 [FATAL] Updater:294 - Updater called before beeing initialized
2021-09-23 15:35:44,123 [FATAL] Updater:294 - Updater called before beeing initialized
2021-09-23 15:35:44,127 [INFO] DbMcusAds:47 - JSON generation date=Wed Aug 18 21:24:26 ICT 2021 (1629296666117)
2021-09-23 15:35:44,128 [FATAL] Updater:294 - Updater called before beeing initialized
2021-09-23 15:35:44,165 [WARN] DetailPanel:314 - Failed to get advertising image, set to default
2021-09-23 15:35:44,274 [FATAL] Updater:294 - Updater called before beeing initialized
2021-09-23 15:35:44,276 [FATAL] Updater:294 - Updater called before beeing initialized
2021-09-23 15:35:44,276 [FATAL] Updater:294 - Updater called before beeing initialized
2021-09-23 15:35:44,277 [WARN] DetailPanel:314 - Failed to get advertising image, set to default
2021-09-23 15:35:44,278 [FATAL] Updater:294 - Updater called before beeing initialized
2021-09-23 15:35:44,334 [ERROR] Updater:1075 - MainUpdater not yet initialized. External WinMGr cannot be set.
2021-09-23 15:35:44,337 [INFO] Updater:1012 - Updater Version found : 6.3.0
2021-09-23 15:35:44,355 [INFO] ApplicationProperties:181 - Using Application install path: C:\ST\STM32CubeIDE_1.7.0\STM32CubeIDE\plugins\com.st.stm32cube.common.mx_6.3.0.202107141111
2021-09-23 15:35:44,737 [INFO] MainUpdater:2671 - connection check result : 10
2021-09-23 15:35:44,740 [INFO] MainUpdater:265 - Updater Check For Update Now.
2021-09-23 15:35:44,741 [INFO] MicroXplorer:478 - Change Database Version : DB.6.0.30
2021-09-23 15:35:44,910 [INFO] CheckServerUpdateThread:112 - End of CheckServer Thread
2021-09-23 15:35:44,980 [INFO] MainUpdater:2671 - connection check result : 10
2021-09-23 15:35:45,259 [INFO] McuFinderGlobals:52 - Set McuFinderConnectedMode to false
2021-09-23 15:35:45,410 [INFO] CrossSelectorPresenter:1330 - Cross Selector saved comparison directory: C:\Users\DELL\.stmcufinder\plugins\mcufinder\mcu\cs_comparisons_mx
2021-09-23 15:35:45,420 [INFO] MultiScanPanel:197 - Auto-refresh data requested => check proxy status ongoing
2021-09-23 15:35:45,420 [INFO] MultiScanPanel:201 - Proxy status is invalid
2021-09-23 15:35:45,424 [INFO] FinderPluginLoader:87 - Searching for filters in installed packs
2021-09-23 15:35:45,425 [INFO] DbMcusXml:100 - Load MCU database from C:\ST\STM32CubeIDE_1.7.0\STM32CubeIDE\plugins\com.st.stm32cube.common.mx_6.3.0.202107141111\\db\/mcu/families.xml
2021-09-23 15:35:46,168 [WARN] PackLoader:238 - Cannot read IP mode file for RoweBots.I-CUBE-UNISONRTOS.5.5.0-4
2021-09-23 15:35:46,327 [WARN] PackLoader:238 - Cannot read IP mode file for STMicroelectronics.X-CUBE-MEMS1.9.0.0
2021-09-23 15:35:46,726 [WARN] PackLoader:238 - Cannot read IP mode file for STMicroelectronics.X-CUBE-AZRTOS-H7.1.1.0
2021-09-23 15:35:46,873 [WARN] PackLoader:238 - Cannot read IP mode file for SEGGER.I-CUBE-embOS.1.2.0
2021-09-23 15:35:46,960 [INFO] DbMcusJson:93 - JSON generation date=Mon Jun 07 15:53:21 ICT 2021 (1623056001)
2021-09-23 15:35:47,001 [WARN] PackLoader:238 - Cannot read IP mode file for STMicroelectronics.X-CUBE-BLE1.6.2.1
2021-09-23 15:35:47,008 [WARN] PackLoader:238 - Cannot read IP mode file for STMicroelectronics.X-CUBE-BLE2.3.2.1
2021-09-23 15:35:47,016 [WARN] PackLoader:238 - Cannot read IP mode file for STMicroelectronics.X-CUBE-NFC4.2.0.3
2021-09-23 15:35:47,023 [WARN] PackLoader:238 - Cannot read IP mode file for wolfSSL.I-CUBE-wolfSSL.4.8.0
2021-09-23 15:35:47,029 [WARN] PackLoader:238 - Cannot read IP mode file for STMicroelectronics.X-CUBE-TOUCHGFX.4.17.0
2021-09-23 15:35:47,063 [WARN] PackLoader:238 - Cannot read IP mode file for STMicroelectronics.X-CUBE-SFXS2LP1.3.1.0
2021-09-23 15:35:47,097 [WARN] PackLoader:238 - Cannot read IP mode file for STMicroelectronics.X-CUBE-AZRTOS-F4.1.0.0
2021-09-23 15:35:47,146 [WARN] PackLoader:238 - Cannot read IP mode file for STMicroelectronics.X-CUBE-AZRTOS-H7.2.0.0
2021-09-23 15:35:47,160 [WARN] PackLoader:238 - Cannot read IP mode file for STMicroelectronics.X-CUBE-TOF1.2.0.0
2021-09-23 15:35:47,178 [WARN] PackLoader:238 - Cannot read IP mode file for STMicroelectronics.X-CUBE-SUBG2.4.2.0
2021-09-23 15:35:47,202 [WARN] PackLoader:238 - Cannot read IP mode file for STMicroelectronics.X-CUBE-ALS.1.0.1
2021-09-23 15:35:47,208 [WARN] PackLoader:238 - Cannot read IP mode file for STMicroelectronics.X-CUBE-AI.7.0.0
2021-09-23 15:35:47,218 [WARN] PackLoader:238 - Cannot read IP mode file for STMicroelectronics.X-CUBE-ALGOBUILD.1.2.1
2021-09-23 15:35:47,223 [WARN] PackLoader:238 - Cannot read IP mode file for STMicroelectronics.X-CUBE-DISPLAY.1.0.0
2021-09-23 15:35:47,231 [WARN] PackLoader:238 - Cannot read IP mode file for STMicroelectronics.X-CUBE-EEPRMA1.3.1.0
2021-09-23 15:35:47,241 [WARN] PackLoader:238 - Cannot read IP mode file for STMicroelectronics.X-CUBE-GNSS1.5.2.0
2021-09-23 15:35:47,243 [INFO] ThirdParty:915 - Integrity check success = true
2021-09-23 15:35:47,244 [INFO] IntegrityCheckThread:94 - exiting critical section [integrity check]
2021-09-23 15:35:47,244 [INFO] IntegrityCheckThread:97 - End integrity checks thread
2021-09-23 15:35:47,754 [INFO] DbMcus:175 - Found 1951 MCUs (1903 are supported by CubeMX, 1903 are visible in CubeMX)
2021-09-23 15:35:47,754 [INFO] ApiDb:251 - Load user favorites file C:\Users\DELL/.stm32cubeide/favorites.mcus.txt: 0 item(s)
2021-09-23 15:35:47,754 [INFO] ApiDb:255 - User favorites MCUs=[]
2021-09-23 15:35:47,754 [INFO] DbMcus:187 - Set 0 / 0 favorites MCUs
2021-09-23 15:35:48,361 [INFO] DetailPanel:309 - Set advertising image to C:/Users/DELL/STM32Cube/Repository/\en.prom_STM32U5_PSA-SESIP_LV3_0821.png
2021-09-23 15:35:48,785 [INFO] DbBoardsPdsc:90 - Found 25 items
2021-09-23 15:35:48,794 [INFO] DbBoardsPdsc:90 - Found 9 items
2021-09-23 15:35:48,806 [INFO] DbBoardsPdsc:90 - Found 33 items
2021-09-23 15:35:48,814 [INFO] DbBoardsPdsc:90 - Found 1 items
2021-09-23 15:35:48,829 [INFO] DbBoardsPdsc:90 - Found 48 items
2021-09-23 15:35:48,845 [INFO] DbBoardsPdsc:90 - Found 43 items
2021-09-23 15:35:48,855 [INFO] DbBoardsPdsc:90 - Found 2 items
2021-09-23 15:35:48,863 [INFO] DbBoardsPdsc:90 - Found 5 items
2021-09-23 15:35:48,868 [WARN] DbBoardsPdsc:254 - Board STM32H7B3I-DK: unknown feature type=Audio, name=, username=Audio stereo codec with Headphone Amp (CS42L51-CNZ), n=1
2021-09-23 15:35:48,868 [WARN] DbBoardsPdsc:254 - Board STM32H735G-DK: unknown feature type=Audio, name=, username=Audio stereo codec with Headphone Amp (WM8994ECS/R), n=1
2021-09-23 15:35:48,869 [WARN] DbBoardsPdsc:254 - Board STM32H7B3I-EVAL: unknown feature type=Audio, name=, username=Multi-Channel Audio Codec (CS42L51-CNZ), n=1
2021-09-23 15:35:48,870 [WARN] DbBoardsPdsc:254 - Board STM32H7B3I-EVAL: unknown feature type=Meter, name=, username=Power-metering and Temperature-monitoring with sigma-delta modulators, n=1
2021-09-23 15:35:48,870 [WARN] DbBoardsPdsc:254 - Board STM32H7B3I-EVAL: unknown feature type=Motor, name=, username=Motor Control, n=1
2021-09-23 15:35:48,870 [WARN] DbBoardsPdsc:254 - Board STM32U575I-EV: unknown feature type=joystick, name=, username=4-direction joystick with selection button, n=1
2021-09-23 15:35:48,933 [INFO] DbBoardsJson:86 - JSON generation date=Tue Jun 01 12:52:40 ICT 2021 (1622526760)
2021-09-23 15:35:48,939 [INFO] DbBoards:117 - Found 166 boards (163 are supported by CubeMX)
2021-09-23 15:35:48,969 [INFO] DbBoardsDocs:143 - JSON generation date=Tue Jun 01 12:52:40 ICT 2021 (1622526760)
2021-09-23 15:35:48,996 [INFO] DbBoardsDocs:79 - Found 193 boards documents
2021-09-23 15:35:48,996 [WARN] DbBoards:127 - board B-L462E-CELL1 has no document id list !
2021-09-23 15:35:48,996 [WARN] DbBoards:127 - board B-L475E-IOT01A2 has no document id list !
2021-09-23 15:35:48,997 [WARN] DbBoards:127 - board B-U585I-IOT02A has no document id list !
2021-09-23 15:35:48,998 [WARN] DbBoards:127 - board NUCLEO-G0B1RE has no document id list !
2021-09-23 15:35:48,998 [WARN] DbBoards:127 - board NUCLEO-H743ZI has no document id list !
2021-09-23 15:35:48,999 [WARN] DbBoards:127 - board NUCLEO-L4A6ZG has no document id list !
2021-09-23 15:35:48,999 [WARN] DbBoards:127 - board NUCLEO-U575ZI-Q has no document id list !
2021-09-23 15:35:49,000 [WARN] DbBoards:127 - board NUCLEO-WB15CC has no document id list !
2021-09-23 15:35:49,000 [WARN] DbBoards:127 - board NUCLEO-WB55RG has no document id list !
2021-09-23 15:35:49,000 [WARN] DbBoards:127 - board NUCLEO-WL55JC2 has no document id list !
2021-09-23 15:35:49,000 [WARN] DbBoards:127 - board P-NUCLEO-WB55-Nucleo has no document id list !
2021-09-23 15:35:49,000 [WARN] DbBoards:127 - board P-NUCLEO-WB55-USBDongle has no document id list !
2021-09-23 15:35:49,000 [WARN] DbBoards:127 - board STEVAL-BFA001V1B has no document id list !
2021-09-23 15:35:49,000 [WARN] DbBoards:127 - board STEVAL-BFA001V2B has no document id list !
2021-09-23 15:35:49,000 [WARN] DbBoards:127 - board STEVAL-IDP005V1 has no document id list !
2021-09-23 15:35:49,000 [WARN] DbBoards:127 - board STEVAL-IDP005V2 has no document id list !
2021-09-23 15:35:49,001 [WARN] DbBoards:127 - board STEVAL-MKSBOX1V1 has no document id list !
2021-09-23 15:35:49,001 [WARN] DbBoards:127 - board STEVAL-STWINKT1 has no document id list !
2021-09-23 15:35:49,001 [WARN] DbBoards:127 - board STEVAL-STWINKT1B has no document id list !
2021-09-23 15:35:49,001 [WARN] DbBoards:127 - board STM32F401C-DISCO has no document id list !
2021-09-23 15:35:49,002 [WARN] DbBoards:127 - board STM32F769I-DISC1 has no document id list !
2021-09-23 15:35:49,002 [WARN] DbBoards:127 - board STM32G0C1E-EV has no document id list !
2021-09-23 15:35:49,003 [WARN] DbBoards:127 - board STM32G474E-EVAL1 has no document id list !
2021-09-23 15:35:49,003 [WARN] DbBoards:127 - board STM32H743I-EVAL2 has no document id list !
2021-09-23 15:35:49,003 [WARN] DbBoards:127 - board STM32H747I-DISC1 has no document id list !
2021-09-23 15:35:49,003 [WARN] DbBoards:127 - board STM32H753I-EVAL2 has no document id list !
2021-09-23 15:35:49,004 [WARN] DbBoards:127 - board STM32L-DISCOVERY has no document id list !
2021-09-23 15:35:49,004 [WARN] DbBoards:127 - board STM32MP157A-DK1 has no document id list !
2021-09-23 15:35:49,004 [WARN] DbBoards:127 - board STM32MP157D-DK1 has no document id list !
2021-09-23 15:35:49,005 [WARN] DbBoards:127 - board STM32MP157D-EV1 has no document id list !
2021-09-23 15:35:49,005 [WARN] DbBoards:127 - board STM32MP157F-DK2 has no document id list !
2021-09-23 15:35:49,005 [WARN] DbBoards:127 - board STM32MP157F-EV1 has no document id list !
2021-09-23 15:35:49,005 [WARN] DbBoards:127 - board STM32U575I-EV has no document id list !
2021-09-23 15:35:49,005 [WARN] DbBoards:127 - board STM32WB5MM-DK has no document id list !
2021-09-23 15:35:51,050 [INFO] ApiDb:251 - Load user favorites file C:\Users\DELL/.stm32cubeide/favorites.boards.txt: 0 item(s)
2021-09-23 15:35:51,050 [INFO] ApiDb:255 - User favorites Boards=[]
2021-09-23 15:35:51,051 [INFO] DbBoards:206 - Set 0 / 0 favorites Boards
2021-09-23 15:35:59,908 [INFO] DbMcusDocs:143 - JSON generation date=Mon Jun 07 15:53:21 ICT 2021 (1623056001)
2021-09-23 15:36:00,335 [INFO] DbMcusDocs:79 - Found 669 MCUs documents
2021-09-23 15:36:18,567 [INFO] MainUpdater:2671 - connection check result : 10
2021-09-23 15:36:18,567 [INFO] MainUpdater:2671 - connection check result : 10
2021-09-23 15:36:18,608 [INFO] MicroXplorer:448 - Change Database Path : 
2021-09-23 15:36:18,608 [INFO] MicroXplorer:478 - Change Database Version : DB.6.0.30
2021-09-23 15:36:18,609 [WARN] ThirdParty:813 - waiting for thirdparty lock release [close project]
2021-09-23 15:36:18,609 [INFO] ThirdParty:815 - entering critical section [close project]
2021-09-23 15:36:18,610 [INFO] ThirdParty:825 - exiting critical section [close project]
2021-09-23 15:36:18,619 [INFO] PinOutPanel:1463 - setPackage(No Configuration,No Configuration)
2021-09-23 15:36:18,620 [INFO] UtilMem:74 - Begin LoadConfig() Used Memory: 414030632 Bytes (644874240)
2021-09-23 15:36:18,622 [INFO] MicroXplorer:448 - Change Database Path : 
2021-09-23 15:36:18,622 [INFO] MicroXplorer:478 - Change Database Version : DB.6.0.30
2021-09-23 15:36:18,622 [INFO] OpenFileManager:313 - Change cursor
2021-09-23 15:36:19,510 [INFO] Context:592 - Trying to add GPIOservice into a context  which must be forbidden
2021-09-23 15:36:19,741 [INFO] ImportTextPane:167 - (OptionalMessage_ERROR) Unable to find key (Mcu.ThirdPartyNb) in loaded IOC file
2021-09-23 15:36:19,741 [INFO] ImportTextPane:167 - (OptionalMessage_ERROR) Unable to find key (Mcu.PinsNb) in loaded IOC file
2021-09-23 15:36:19,741 [INFO] ImportTextPane:167 - (OptionalMessage_ERROR) Unable to find key (Mcu.IPNb) in loaded IOC file
2021-09-23 15:36:19,796 [WARN] ApiManager:304 - Cannot register API 'Board Extension:S2868A1' from pack STMicroelectronics.X-CUBE-SFXS2LP1.3.1.0: no header file found
2021-09-23 15:36:19,796 [WARN] ApiManager:304 - Cannot register API 'Board Extension:S2868A2' from pack STMicroelectronics.X-CUBE-SFXS2LP1.3.1.0: no header file found
2021-09-23 15:36:19,797 [WARN] ApiManager:304 - Cannot register API 'Board Extension:S2915A1' from pack STMicroelectronics.X-CUBE-SFXS2LP1.3.1.0: no header file found
2021-09-23 15:36:19,816 [WARN] ModelIntegratedComponent:60 - No mode defined for component null
2021-09-23 15:36:19,817 [WARN] ModelIntegratedComponent:60 - No mode defined for component null
2021-09-23 15:36:19,817 [WARN] ModelIntegratedComponent:60 - No mode defined for component null
2021-09-23 15:36:19,817 [WARN] ModelIntegratedComponent:60 - No mode defined for component null
2021-09-23 15:36:19,817 [WARN] ModelIntegratedComponent:60 - No mode defined for component null
2021-09-23 15:36:19,817 [WARN] ModelIntegratedComponent:60 - No mode defined for component null
2021-09-23 15:36:19,818 [WARN] ModelIntegratedComponent:60 - No mode defined for component null
2021-09-23 15:36:19,818 [WARN] ModelIntegratedComponent:60 - No mode defined for component null
2021-09-23 15:36:19,818 [WARN] ModelIntegratedComponent:60 - No mode defined for component null
2021-09-23 15:36:19,818 [WARN] ModelIntegratedComponent:60 - No mode defined for component null
2021-09-23 15:36:19,818 [WARN] ModelIntegratedComponent:60 - No mode defined for component null
2021-09-23 15:36:19,818 [WARN] ModelIntegratedComponent:60 - No mode defined for component null
2021-09-23 15:36:19,818 [WARN] ModelIntegratedComponent:60 - No mode defined for component null
2021-09-23 15:36:19,819 [WARN] ModelIntegratedComponent:60 - No mode defined for component null
2021-09-23 15:36:19,819 [WARN] ModelIntegratedComponent:60 - No mode defined for component null
2021-09-23 15:36:19,819 [WARN] ModelIntegratedComponent:60 - No mode defined for component null
2021-09-23 15:36:19,819 [WARN] ModelIntegratedComponent:60 - No mode defined for component null
2021-09-23 15:36:19,819 [WARN] ModelIntegratedComponent:60 - No mode defined for component null
2021-09-23 15:36:19,819 [WARN] ModelIntegratedComponent:60 - No mode defined for component null
2021-09-23 15:36:19,819 [WARN] ModelIntegratedComponent:60 - No mode defined for component null
2021-09-23 15:36:19,820 [WARN] ModelIntegratedComponent:60 - No mode defined for component null
2021-09-23 15:36:19,820 [WARN] ModelIntegratedComponent:60 - No mode defined for component null
2021-09-23 15:36:19,820 [WARN] ModelIntegratedComponent:60 - No mode defined for component null
2021-09-23 15:36:19,820 [WARN] ModelIntegratedComponent:60 - No mode defined for component null
2021-09-23 15:36:19,820 [WARN] ModelIntegratedComponent:60 - No mode defined for component null
2021-09-23 15:36:19,820 [WARN] ModelIntegratedComponent:60 - No mode defined for component null
2021-09-23 15:36:19,820 [WARN] ModelIntegratedComponent:60 - No mode defined for component null
2021-09-23 15:36:19,821 [WARN] ModelIntegratedComponent:60 - No mode defined for component null
2021-09-23 15:36:19,821 [WARN] ModelIntegratedComponent:60 - No mode defined for component null
2021-09-23 15:36:19,821 [WARN] ModelIntegratedComponent:60 - No mode defined for component null
2021-09-23 15:36:19,821 [WARN] ModelIntegratedComponent:60 - No mode defined for component null
2021-09-23 15:36:20,026 [WARN] ApiManager:304 - Cannot register API 'Board Extension:IKS01A3' from pack STMicroelectronics.X-CUBE-MEMS1.9.0.0: no header file found
2021-09-23 15:36:20,026 [WARN] ApiManager:304 - Cannot register API 'Board Extension:IKS01A2' from pack STMicroelectronics.X-CUBE-MEMS1.9.0.0: no header file found
2021-09-23 15:36:20,026 [WARN] ApiManager:304 - Cannot register API 'Board Extension:IKS02A1' from pack STMicroelectronics.X-CUBE-MEMS1.9.0.0: no header file found
2021-09-23 15:36:20,042 [WARN] ApiManager:304 - Cannot register API 'Board Extension:S2868A1' from pack STMicroelectronics.X-CUBE-SUBG2.4.2.0: no header file found
2021-09-23 15:36:20,042 [WARN] ApiManager:304 - Cannot register API 'Board Extension:S2868A2' from pack STMicroelectronics.X-CUBE-SUBG2.4.2.0: no header file found
2021-09-23 15:36:20,042 [WARN] ApiManager:304 - Cannot register API 'Board Extension:S2915A1' from pack STMicroelectronics.X-CUBE-SUBG2.4.2.0: no header file found
2021-09-23 15:36:20,049 [INFO] RtosManager:484 - Registered RTOS mode: class=CMSIS, group=RTOS, mode=CMSIS_V1, owner=FREERTOS
2021-09-23 15:36:20,050 [INFO] RtosManager:484 - Registered RTOS mode: class=CMSIS, group=RTOS2, mode=CMSIS_V2, owner=FREERTOS
2021-09-23 15:36:20,050 [INFO] RtosManager:484 - Registered RTOS mode: class=RTOS, group=Core, mode=CMSIS_V1, owner=FREERTOS
2021-09-23 15:36:20,050 [INFO] RtosManager:484 - Registered RTOS mode: class=RTOS, group=Core, mode=CMSIS_V2, owner=FREERTOS
2021-09-23 15:36:20,050 [WARN] ModelIntegratedComponent:181 - Missing modes for component STMicroelectronics:FreeRTOS:0.0.1:STMicroelectronics:RTOS:FreeRTOS:Core:::10.2.0:
2021-09-23 15:36:20,056 [WARN] ApiManager:304 - Cannot register API 'Board Extension:EEPRMA1' from pack STMicroelectronics.X-CUBE-EEPRMA1.3.1.0: no header file found
2021-09-23 15:36:20,057 [WARN] ApiManager:304 - Cannot register API 'Board Extension:EEPRMA2' from pack STMicroelectronics.X-CUBE-EEPRMA1.3.1.0: no header file found
2021-09-23 15:36:20,058 [WARN] ApiManager:304 - Cannot register API 'Board Extension:GNSS1A1' from pack STMicroelectronics.X-CUBE-GNSS1.5.2.0: no header file found
2021-09-23 15:36:20,058 [WARN] ApiManager:304 - Cannot register API 'Board Support:Custom' from pack STMicroelectronics.X-CUBE-GNSS1.5.2.0: no header file found
2021-09-23 15:36:20,058 [WARN] ApiManager:304 - Cannot register API 'Data Exchange:lib_gnss' from pack STMicroelectronics.X-CUBE-GNSS1.5.2.0: no header file found
2021-09-23 15:36:20,059 [WARN] ApiManager:304 - Cannot register API 'Wireless:BlueNRG-MS' from pack STMicroelectronics.X-CUBE-BLE1.6.2.1: no header file found
2021-09-23 15:36:20,060 [WARN] ApiManager:304 - Cannot register API 'Wireless:BlueNRG-2' from pack STMicroelectronics.X-CUBE-BLE2.3.2.1: no header file found
2021-09-23 15:36:20,061 [WARN] ApiManager:304 - Cannot register API 'Board Extension:NFC04A1' from pack STMicroelectronics.X-CUBE-NFC4.2.0.3: no header file found
2021-09-23 15:36:20,875 [INFO] UtilMem:74 - End LoadConfig() Used Memory: 463250432 Bytes (644874240)
2021-09-23 15:36:20,877 [WARN] ThirdParty:779 - waiting for thirdparty lock release [change project]
2021-09-23 15:36:20,877 [INFO] ThirdParty:781 - entering critical section [change project]
2021-09-23 15:36:20,877 [INFO] ThirdParty:967 - CMSIS Pack Vendor :STMicroelectronics X-CUBE-SFXS2LP1 3.1.0
2021-09-23 15:36:20,877 [INFO] ThirdParty:967 - CMSIS Pack Vendor :RoweBots I-CUBE-UNISONRTOS 5.5.0-4
2021-09-23 15:36:20,878 [INFO] ThirdParty:967 - CMSIS Pack Vendor :STMicroelectronics X-CUBE-AZRTOS-F4 1.0.0
2021-09-23 15:36:20,878 [INFO] ThirdParty:967 - CMSIS Pack Vendor :STMicroelectronics USB_HOST 2.0.0
2021-09-23 15:36:20,878 [INFO] ThirdParty:967 - CMSIS Pack Vendor :STMicroelectronics X-CUBE-AZRTOS-H7 2.0.0
2021-09-23 15:36:20,878 [INFO] ThirdParty:967 - CMSIS Pack Vendor :STMicroelectronics USB_DEVICE 3.0.0
2021-09-23 15:36:20,878 [INFO] ThirdParty:967 - CMSIS Pack Vendor :STMicroelectronics X-CUBE-TOF1 2.0.0
2021-09-23 15:36:20,878 [INFO] ThirdParty:967 - CMSIS Pack Vendor :STMicroelectronics HAL Drivers 0.0.0
2021-09-23 15:36:20,878 [INFO] ThirdParty:967 - CMSIS Pack Vendor :STMicroelectronics MBEDTLS 2.16.2
2021-09-23 15:36:20,878 [INFO] ThirdParty:967 - CMSIS Pack Vendor :STMicroelectronics MBEDTLS 2.14.1
2021-09-23 15:36:20,878 [INFO] ThirdParty:967 - CMSIS Pack Vendor :STMicroelectronics X-CUBE-MEMS1 9.0.0
2021-09-23 15:36:20,878 [INFO] ThirdParty:967 - CMSIS Pack Vendor :STMicroelectronics X-CUBE-AZRTOS-H7 1.1.0
2021-09-23 15:36:20,878 [INFO] ThirdParty:967 - CMSIS Pack Vendor :STMicroelectronics X-CUBE-SUBG2 4.2.0
2021-09-23 15:36:20,878 [INFO] ThirdParty:967 - CMSIS Pack Vendor :STMicroelectronics X-CUBE-ALS 1.0.1
2021-09-23 15:36:20,879 [INFO] ThirdParty:967 - CMSIS Pack Vendor :STMicroelectronics USB_DEVICE 2.0.0
2021-09-23 15:36:20,879 [INFO] ThirdParty:967 - CMSIS Pack Vendor :STMicroelectronics X-CUBE-AI 7.0.0
2021-09-23 15:36:20,879 [INFO] ThirdParty:967 - CMSIS Pack Vendor :STMicroelectronics X-CUBE-ALGOBUILD 1.2.1
2021-09-23 15:36:20,879 [INFO] ThirdParty:967 - CMSIS Pack Vendor :STMicroelectronics X-CUBE-DISPLAY 1.0.0
2021-09-23 15:36:20,879 [INFO] ThirdParty:967 - CMSIS Pack Vendor :STMicroelectronics FreeRTOS 0.0.1
2021-09-23 15:36:20,879 [INFO] ThirdParty:967 - CMSIS Pack Vendor :STMicroelectronics USB_DEVICE 1.0.0
2021-09-23 15:36:20,879 [INFO] ThirdParty:967 - CMSIS Pack Vendor :SEGGER I-CUBE-embOS 1.2.0
2021-09-23 15:36:20,879 [INFO] ThirdParty:967 - CMSIS Pack Vendor :STMicroelectronics X-CUBE-EEPRMA1 3.1.0
2021-09-23 15:36:20,880 [INFO] ThirdParty:967 - CMSIS Pack Vendor :STMicroelectronics X-CUBE-GNSS1 5.2.0
2021-09-23 15:36:20,880 [INFO] ThirdParty:967 - CMSIS Pack Vendor :STMicroelectronics ThreadX 0.0.2
2021-09-23 15:36:20,880 [INFO] ThirdParty:967 - CMSIS Pack Vendor :STMicroelectronics lwIP 2.0.3
2021-09-23 15:36:20,880 [INFO] ThirdParty:967 - CMSIS Pack Vendor :STMicroelectronics lwIP 2.1.2
2021-09-23 15:36:20,880 [INFO] ThirdParty:967 - CMSIS Pack Vendor :STMicroelectronics X-CUBE-BLE1 6.2.1
2021-09-23 15:36:20,880 [INFO] ThirdParty:967 - CMSIS Pack Vendor :STMicroelectronics X-CUBE-BLE2 3.2.1
2021-09-23 15:36:20,880 [INFO] ThirdParty:967 - CMSIS Pack Vendor :STMicroelectronics USB_HOST 1.0.0
2021-09-23 15:36:20,880 [INFO] ThirdParty:967 - CMSIS Pack Vendor :STMicroelectronics X-CUBE-NFC4 2.0.3
2021-09-23 15:36:20,881 [INFO] ThirdParty:967 - CMSIS Pack Vendor :wolfSSL I-CUBE-wolfSSL 4.8.0
2021-09-23 15:36:20,881 [INFO] ThirdParty:967 - CMSIS Pack Vendor :STMicroelectronics X-CUBE-TOUCHGFX 4.17.0
2021-09-23 15:36:20,881 [INFO] ThirdParty:967 - CMSIS Pack Vendor :STMicroelectronics PDM2PCM 3.1.0
2021-09-23 15:36:20,881 [INFO] ThirdParty:967 - CMSIS Pack Vendor :STMicroelectronics PDM2PCM 3.2.0
2021-09-23 15:36:20,881 [INFO] ThirdParty:967 - CMSIS Pack Vendor :STMicroelectronics PDM2PCM 3.3.0
2021-09-23 15:36:20,881 [INFO] ThirdParty:787 - exiting critical section [change project]
2021-09-23 15:36:21,194 [INFO] PinOutPanel:1463 - setPackage(No Configuration,No Configuration)
2021-09-23 15:36:21,196 [INFO] PinOutPanel:1463 - setPackage(STM32F103C6Tx,LQFP48)
2021-09-23 15:36:21,674 [INFO] UtilMem:74 - Before build in PCC Used Memory: 455774016 Bytes (644874240)
2021-09-23 15:36:22,450 [INFO] UtilMem:74 - After build in PCC Used Memory: 434082304 Bytes (644874240)
2021-09-23 15:36:22,479 [INFO] IPUIPlugin:74 - create IPUIPlugin
2021-09-23 15:36:22,479 [INFO] IPUIPlugin:74 - create IPUIPlugin
2021-09-23 15:36:22,479 [INFO] IPUIPlugin:74 - create IPUIPlugin
2021-09-23 15:36:22,480 [INFO] IPUIPlugin:74 - create IPUIPlugin
2021-09-23 15:36:22,480 [INFO] IPUIPlugin:74 - create IPUIPlugin
2021-09-23 15:36:22,480 [INFO] IPUIPlugin:74 - create IPUIPlugin
2021-09-23 15:36:22,480 [INFO] IPUIPlugin:74 - create IPUIPlugin
2021-09-23 15:36:22,481 [INFO] IPUIPlugin:74 - create IPUIPlugin
2021-09-23 15:36:22,481 [INFO] IPUIPlugin:74 - create IPUIPlugin
2021-09-23 15:36:22,481 [INFO] IPUIPlugin:74 - create IPUIPlugin
2021-09-23 15:36:22,482 [INFO] IPUIPlugin:74 - create IPUIPlugin
2021-09-23 15:36:22,482 [INFO] IPUIPlugin:74 - create IPUIPlugin
2021-09-23 15:36:22,483 [INFO] IPUIPlugin:74 - create IPUIPlugin
2021-09-23 15:36:22,484 [INFO] IPUIPlugin:74 - create IPUIPlugin
2021-09-23 15:36:22,484 [INFO] IPUIPlugin:74 - create IPUIPlugin
2021-09-23 15:36:22,485 [INFO] IPUIPlugin:74 - create IPUIPlugin
2021-09-23 15:36:22,485 [INFO] IPUIPlugin:74 - create IPUIPlugin
2021-09-23 15:36:22,486 [INFO] IPUIPlugin:74 - create IPUIPlugin
2021-09-23 15:36:22,486 [INFO] IPUIPlugin:74 - create IPUIPlugin
2021-09-23 15:36:22,487 [INFO] IPUIPlugin:74 - create IPUIPlugin
2021-09-23 15:36:22,488 [INFO] IPUIPlugin:74 - create IPUIPlugin
2021-09-23 15:36:22,489 [INFO] IPUIPlugin:74 - create IPUIPlugin
2021-09-23 15:36:22,490 [INFO] IPUIPlugin:74 - create IPUIPlugin
2021-09-23 15:36:22,645 [INFO] OpenFileManager:333 - Restore cursor
2021-09-23 15:36:22,936 [INFO] UtilMem:74 - End SaveConfig() Used Memory: 372439536 Bytes (644874240)
2021-09-23 15:36:23,023 [INFO] UtilMem:74 - End SaveConfig() Used Memory: 390161760 Bytes (644874240)
2021-09-23 15:36:23,414 [INFO] BlockDiagram:2740 - set Specific Code input for plugin: NVIC
2021-09-23 15:36:23,414 [INFO] BlockDiagram:2740 - set Specific Code input for plugin: SYS
2021-09-23 15:36:23,414 [INFO] BlockDiagram:2740 - set Specific Code input for plugin: RCC
2021-09-23 15:36:23,416 [INFO] CodeGenerator:663 - code generatio: config db path: C:\ST\STM32CubeIDE_1.7.0\STM32CubeIDE\plugins\com.st.stm32cube.common.mx_6.3.0.202107141111\\db\
2021-09-23 15:36:23,832 [INFO] CodeEngine:239 - oldGeneratedFile, C:\ST\Microcontroller-Microprocessor-Lab\Week1\Week1_Exercises\MXTmpFiles\license.tmp_save
2021-09-23 15:36:24,268 [INFO] CodeEngine:257 - Generated code: C:\ST\Microcontroller-Microprocessor-Lab\Week1\Week1_Exercises\MXTmpFiles\license.tmp
2021-09-23 15:36:24,415 [INFO] CodeEngine:239 - oldGeneratedFile, C:\ST\Microcontroller-Microprocessor-Lab\Week1\Week1_Exercises\Core\Src\stm32f1xx_it.c_save
2021-09-23 15:36:24,594 [INFO] CodeEngine:257 - Generated code: C:\ST\Microcontroller-Microprocessor-Lab\Week1\Week1_Exercises\Core\Src\stm32f1xx_it.c
2021-09-23 15:36:24,598 [INFO] CodeEngine:239 - oldGeneratedFile, C:\ST\Microcontroller-Microprocessor-Lab\Week1\Week1_Exercises\Core\Inc\stm32f1xx_it.h_save
2021-09-23 15:36:24,711 [INFO] CodeEngine:257 - Generated code: C:\ST\Microcontroller-Microprocessor-Lab\Week1\Week1_Exercises\Core\Inc\stm32f1xx_it.h
2021-09-23 15:36:24,722 [INFO] CodeEngine:239 - oldGeneratedFile, C:\ST\Microcontroller-Microprocessor-Lab\Week1\Week1_Exercises\Core\Src\stm32f1xx_hal_msp.c_save
2021-09-23 15:36:24,856 [INFO] CodeEngine:257 - Generated code: C:\ST\Microcontroller-Microprocessor-Lab\Week1\Week1_Exercises\Core\Src\stm32f1xx_hal_msp.c
2021-09-23 15:36:24,860 [INFO] CodeEngine:239 - oldGeneratedFile, C:\ST\Microcontroller-Microprocessor-Lab\Week1\Week1_Exercises\MXTmpFiles\system.tmp_save
2021-09-23 15:36:24,942 [INFO] CodeEngine:257 - Generated code: C:\ST\Microcontroller-Microprocessor-Lab\Week1\Week1_Exercises\MXTmpFiles\system.tmp
2021-09-23 15:36:24,952 [INFO] CodeEngine:239 - oldGeneratedFile, C:\ST\Microcontroller-Microprocessor-Lab\Week1\Week1_Exercises\Core\Inc\stm32f1xx_hal_conf.h_save
2021-09-23 15:36:25,170 [INFO] CodeEngine:257 - Generated code: C:\ST\Microcontroller-Microprocessor-Lab\Week1\Week1_Exercises\Core\Inc\stm32f1xx_hal_conf.h
2021-09-23 15:36:25,271 [INFO] CodeEngine:239 - oldGeneratedFile, C:\ST\Microcontroller-Microprocessor-Lab\Week1\Week1_Exercises\Core\Inc\main.h_save
2021-09-23 15:36:25,633 [INFO] CodeEngine:257 - Generated code: C:\ST\Microcontroller-Microprocessor-Lab\Week1\Week1_Exercises\Core\Inc\main.h
2021-09-23 15:36:25,639 [INFO] CodeEngine:239 - oldGeneratedFile, C:\ST\Microcontroller-Microprocessor-Lab\Week1\Week1_Exercises\Core\Src\main.c_save
2021-09-23 15:36:25,898 [INFO] CodeEngine:257 - Generated code: C:\ST\Microcontroller-Microprocessor-Lab\Week1\Week1_Exercises\Core\Src\main.c
2021-09-23 15:36:27,729 [INFO] ProjectBuilder:2578 - Time for Copy HAL[1] : 407mS.
2021-09-23 15:36:27,745 [INFO] ProjectBuilder:3622 - Project Generator version: 3.14.1
2021-09-23 15:36:28,590 [INFO] ConfigFileManager:1271 - The Die is : DIE412
2021-09-23 15:36:28,616 [INFO] ApiDbMcu:468 - Load IP Config File for FATFS
2021-09-23 15:36:28,673 [INFO] ApiDbMcu:468 - Load IP Config File for FREERTOS
2021-09-23 15:36:28,712 [INFO] ApiDbMcu:468 - Load IP Config File for USB_DEVICE
2021-09-23 15:36:35,218 [INFO] ProjectBuilder:3789 - Time for Generating toolchain IDE Files: 7473mS.
2021-09-23 15:36:35,220 [INFO] ProjectBuilder:2457 - Time for Copy CMSIS : 0mS.
2021-09-23 15:36:35,223 [INFO] ProjectBuilder:2457 - Time for Copy CMSIS : 0mS.
2021-09-23 15:36:35,704 [INFO] McuFinderGlobals:52 - Set McuFinderConnectedMode to true
2021-09-23 15:36:35,706 [INFO] ApiDb:276 - Save user favorites file C:\Users\DELL/.stm32cubeide/favorites.mcus.txt: 0 item(s)
2021-09-23 15:36:35,707 [INFO] ApiDb:280 - User favorites MCUs=[]
2021-09-23 15:38:50,771 [INFO] UtilMem:74 - End SaveConfig() Used Memory: 649304712 Bytes (959447040)
2021-09-23 15:38:52,482 [INFO] UtilMem:74 - End SaveConfig() Used Memory: 665270440 Bytes (959447040)
2021-09-23 15:38:55,437 [INFO] UtilMem:74 - End SaveConfig() Used Memory: 559400592 Bytes (959447040)
2021-09-23 15:38:55,837 [INFO] BlockDiagram:2740 - set Specific Code input for plugin: NVIC
2021-09-23 15:38:55,837 [INFO] BlockDiagram:2740 - set Specific Code input for plugin: SYS
2021-09-23 15:38:55,838 [INFO] BlockDiagram:2740 - set Specific Code input for plugin: GPIO
2021-09-23 15:38:55,838 [INFO] BlockDiagram:2740 - set Specific Code input for plugin: RCC
2021-09-23 15:38:55,839 [INFO] CodeGenerator:663 - code generatio: config db path: C:\ST\STM32CubeIDE_1.7.0\STM32CubeIDE\plugins\com.st.stm32cube.common.mx_6.3.0.202107141111\\db\
2021-09-23 15:38:56,180 [INFO] CodeEngine:239 - oldGeneratedFile, C:\ST\Microcontroller-Microprocessor-Lab\Week1\Week1_Exercises\MXTmpFiles\license.tmp_save
2021-09-23 15:38:56,241 [INFO] CodeEngine:257 - Generated code: C:\ST\Microcontroller-Microprocessor-Lab\Week1\Week1_Exercises\MXTmpFiles\license.tmp
2021-09-23 15:38:56,325 [INFO] CodeEngine:239 - oldGeneratedFile, C:\ST\Microcontroller-Microprocessor-Lab\Week1\Week1_Exercises\MXTmpFiles\gpio.tmp_save
2021-09-23 15:38:56,425 [INFO] CodeEngine:257 - Generated code: C:\ST\Microcontroller-Microprocessor-Lab\Week1\Week1_Exercises\MXTmpFiles\gpio.tmp
2021-09-23 15:38:56,470 [INFO] CodeEngine:239 - oldGeneratedFile, C:\ST\Microcontroller-Microprocessor-Lab\Week1\Week1_Exercises\Core\Src\stm32f1xx_it.c_save
2021-09-23 15:38:56,580 [INFO] CodeEngine:257 - Generated code: C:\ST\Microcontroller-Microprocessor-Lab\Week1\Week1_Exercises\Core\Src\stm32f1xx_it.c
2021-09-23 15:38:56,586 [INFO] CodeEngine:239 - oldGeneratedFile, C:\ST\Microcontroller-Microprocessor-Lab\Week1\Week1_Exercises\Core\Inc\stm32f1xx_it.h_save
2021-09-23 15:38:56,657 [INFO] CodeEngine:257 - Generated code: C:\ST\Microcontroller-Microprocessor-Lab\Week1\Week1_Exercises\Core\Inc\stm32f1xx_it.h
2021-09-23 15:38:56,675 [INFO] CodeEngine:239 - oldGeneratedFile, C:\ST\Microcontroller-Microprocessor-Lab\Week1\Week1_Exercises\Core\Src\stm32f1xx_hal_msp.c_save
2021-09-23 15:38:56,774 [INFO] CodeEngine:257 - Generated code: C:\ST\Microcontroller-Microprocessor-Lab\Week1\Week1_Exercises\Core\Src\stm32f1xx_hal_msp.c
2021-09-23 15:38:56,777 [INFO] CodeEngine:239 - oldGeneratedFile, C:\ST\Microcontroller-Microprocessor-Lab\Week1\Week1_Exercises\MXTmpFiles\system.tmp_save
2021-09-23 15:38:56,954 [INFO] CodeEngine:257 - Generated code: C:\ST\Microcontroller-Microprocessor-Lab\Week1\Week1_Exercises\MXTmpFiles\system.tmp
2021-09-23 15:38:56,973 [INFO] CodeEngine:239 - oldGeneratedFile, C:\ST\Microcontroller-Microprocessor-Lab\Week1\Week1_Exercises\Core\Inc\stm32f1xx_hal_conf.h_save
2021-09-23 15:38:57,061 [INFO] CodeEngine:257 - Generated code: C:\ST\Microcontroller-Microprocessor-Lab\Week1\Week1_Exercises\Core\Inc\stm32f1xx_hal_conf.h
2021-09-23 15:38:57,104 [INFO] CodeEngine:239 - oldGeneratedFile, C:\ST\Microcontroller-Microprocessor-Lab\Week1\Week1_Exercises\Core\Inc\main.h_save
2021-09-23 15:38:57,195 [INFO] CodeEngine:257 - Generated code: C:\ST\Microcontroller-Microprocessor-Lab\Week1\Week1_Exercises\Core\Inc\main.h
2021-09-23 15:38:57,205 [INFO] CodeEngine:239 - oldGeneratedFile, C:\ST\Microcontroller-Microprocessor-Lab\Week1\Week1_Exercises\Core\Src\main.c_save
2021-09-23 15:38:57,428 [INFO] CodeEngine:257 - Generated code: C:\ST\Microcontroller-Microprocessor-Lab\Week1\Week1_Exercises\Core\Src\main.c
2021-09-23 15:38:58,618 [INFO] ProjectBuilder:2578 - Time for Copy HAL[1] : 179mS.
2021-09-23 15:38:58,622 [INFO] ProjectBuilder:3622 - Project Generator version: 3.14.1
2021-09-23 15:38:59,274 [INFO] ConfigFileManager:1271 - The Die is : DIE412
2021-09-23 15:39:01,578 [INFO] ProjectBuilder:3789 - Time for Generating toolchain IDE Files: 2956mS.
2021-09-23 15:39:01,579 [INFO] ProjectBuilder:2457 - Time for Copy CMSIS : 1mS.
2021-09-23 15:39:01,582 [INFO] ProjectBuilder:2457 - Time for Copy CMSIS : 0mS.
2021-09-23 15:41:43,385 [INFO] UtilMem:74 - End SaveConfig() Used Memory: 694344240 Bytes (1029701632)
2021-09-23 15:41:44,735 [INFO] UtilMem:74 - End SaveConfig() Used Memory: 710588488 Bytes (1029701632)
2021-09-23 15:41:47,689 [INFO] UtilMem:74 - End SaveConfig() Used Memory: 789758024 Bytes (1029701632)
2021-09-23 15:41:48,042 [INFO] BlockDiagram:2740 - set Specific Code input for plugin: NVIC
2021-09-23 15:41:48,042 [INFO] BlockDiagram:2740 - set Specific Code input for plugin: SYS
2021-09-23 15:41:48,043 [INFO] BlockDiagram:2740 - set Specific Code input for plugin: GPIO
2021-09-23 15:41:48,043 [INFO] BlockDiagram:2740 - set Specific Code input for plugin: RCC
2021-09-23 15:41:48,043 [INFO] CodeGenerator:663 - code generatio: config db path: C:\ST\STM32CubeIDE_1.7.0\STM32CubeIDE\plugins\com.st.stm32cube.common.mx_6.3.0.202107141111\\db\
2021-09-23 15:41:48,353 [INFO] CodeEngine:239 - oldGeneratedFile, C:\ST\Microcontroller-Microprocessor-Lab\Week1\Week1_Exercises\MXTmpFiles\license.tmp_save
2021-09-23 15:41:48,432 [INFO] CodeEngine:257 - Generated code: C:\ST\Microcontroller-Microprocessor-Lab\Week1\Week1_Exercises\MXTmpFiles\license.tmp
2021-09-23 15:41:48,468 [INFO] CodeEngine:239 - oldGeneratedFile, C:\ST\Microcontroller-Microprocessor-Lab\Week1\Week1_Exercises\MXTmpFiles\gpio.tmp_save
2021-09-23 15:41:48,569 [INFO] CodeEngine:257 - Generated code: C:\ST\Microcontroller-Microprocessor-Lab\Week1\Week1_Exercises\MXTmpFiles\gpio.tmp
2021-09-23 15:41:48,640 [INFO] CodeEngine:239 - oldGeneratedFile, C:\ST\Microcontroller-Microprocessor-Lab\Week1\Week1_Exercises\Core\Src\stm32f1xx_it.c_save
2021-09-23 15:41:48,726 [INFO] CodeEngine:257 - Generated code: C:\ST\Microcontroller-Microprocessor-Lab\Week1\Week1_Exercises\Core\Src\stm32f1xx_it.c
2021-09-23 15:41:48,736 [INFO] CodeEngine:239 - oldGeneratedFile, C:\ST\Microcontroller-Microprocessor-Lab\Week1\Week1_Exercises\Core\Inc\stm32f1xx_it.h_save
2021-09-23 15:41:48,803 [INFO] CodeEngine:257 - Generated code: C:\ST\Microcontroller-Microprocessor-Lab\Week1\Week1_Exercises\Core\Inc\stm32f1xx_it.h
2021-09-23 15:41:48,824 [INFO] CodeEngine:239 - oldGeneratedFile, C:\ST\Microcontroller-Microprocessor-Lab\Week1\Week1_Exercises\Core\Src\stm32f1xx_hal_msp.c_save
2021-09-23 15:41:48,962 [INFO] CodeEngine:257 - Generated code: C:\ST\Microcontroller-Microprocessor-Lab\Week1\Week1_Exercises\Core\Src\stm32f1xx_hal_msp.c
2021-09-23 15:41:48,966 [INFO] CodeEngine:239 - oldGeneratedFile, C:\ST\Microcontroller-Microprocessor-Lab\Week1\Week1_Exercises\MXTmpFiles\system.tmp_save
2021-09-23 15:41:49,037 [INFO] CodeEngine:257 - Generated code: C:\ST\Microcontroller-Microprocessor-Lab\Week1\Week1_Exercises\MXTmpFiles\system.tmp
2021-09-23 15:41:49,054 [INFO] CodeEngine:239 - oldGeneratedFile, C:\ST\Microcontroller-Microprocessor-Lab\Week1\Week1_Exercises\Core\Inc\stm32f1xx_hal_conf.h_save
2021-09-23 15:41:49,145 [INFO] CodeEngine:257 - Generated code: C:\ST\Microcontroller-Microprocessor-Lab\Week1\Week1_Exercises\Core\Inc\stm32f1xx_hal_conf.h
2021-09-23 15:41:49,273 [INFO] CodeEngine:239 - oldGeneratedFile, C:\ST\Microcontroller-Microprocessor-Lab\Week1\Week1_Exercises\Core\Inc\main.h_save
2021-09-23 15:41:49,383 [INFO] CodeEngine:257 - Generated code: C:\ST\Microcontroller-Microprocessor-Lab\Week1\Week1_Exercises\Core\Inc\main.h
2021-09-23 15:41:49,393 [INFO] CodeEngine:239 - oldGeneratedFile, C:\ST\Microcontroller-Microprocessor-Lab\Week1\Week1_Exercises\Core\Src\main.c_save
2021-09-23 15:41:49,558 [INFO] CodeEngine:257 - Generated code: C:\ST\Microcontroller-Microprocessor-Lab\Week1\Week1_Exercises\Core\Src\main.c
2021-09-23 15:41:50,637 [INFO] ProjectBuilder:2578 - Time for Copy HAL[1] : 181mS.
2021-09-23 15:41:50,641 [INFO] ProjectBuilder:3622 - Project Generator version: 3.14.1
2021-09-23 15:41:51,224 [INFO] ConfigFileManager:1271 - The Die is : DIE412
2021-09-23 15:41:53,493 [INFO] ProjectBuilder:3789 - Time for Generating toolchain IDE Files: 2852mS.
2021-09-23 15:41:53,494 [INFO] ProjectBuilder:2457 - Time for Copy CMSIS : 1mS.
2021-09-23 15:41:53,498 [INFO] ProjectBuilder:2457 - Time for Copy CMSIS : 0mS.
